<?xml version="1.0" encoding="UTF-8"?>
<!-- Generated by org.testng.reporters.JUnitXMLReporter -->
<testsuite hostname="DESKTOP-6V7JA9S" name="Default test" tests="10" failures="0" timestamp="15 Oct 2017 15:08:49 GMT" time="199.74" errors="0">
  <testcase name="f1" time="46.574" classname="timeEntryPackage.EndToEndFinal"/>
  <testcase name="f2" time="17.159" classname="timeEntryPackage.EndToEndFinal"/>
  <testcase name="f3" time="17.227" classname="timeEntryPackage.EndToEndFinal"/>
  <testcase name="f4" time="40.306" classname="timeEntryPackage.EndToEndFinal"/>
  <testcase name="f5" time="23.985" classname="timeEntryPackage.EndToEndFinal"/>
  <testcase name="f6" time="6.267" classname="timeEntryPackage.EndToEndFinal"/>
  <testcase name="f7" time="0.38" classname="timeEntryPackage.EndToEndFinal"/>
  <testcase name="f8" time="7.052" classname="timeEntryPackage.EndToEndFinal"/>
  <testcase name="f9" time="6.627" classname="timeEntryPackage.EndToEndFinal"/>
  <testcase name="F10" time="21.37" classname="timeEntryPackage.EndToEndFinal"/>
</testsuite> <!-- Default test -->
