<?xml version="1.0" encoding="UTF-8"?>
<!-- Generated by org.testng.reporters.JUnitXMLReporter -->
<testsuite hostname="DESKTOP-6V7JA9S" ignored="0" name="Test" tests="10" failures="0" timestamp="17 Oct 2017 09:30:14 GMT" time="136.585" errors="0">
  <testcase name="f1" time="17.335" classname="timeEntryPackage.EndToEndFinal"/>
  <testcase name="f2" time="13.228" classname="timeEntryPackage.EndToEndFinal"/>
  <testcase name="f3" time="10.919" classname="timeEntryPackage.EndToEndFinal"/>
  <testcase name="f4" time="24.815" classname="timeEntryPackage.EndToEndFinal"/>
  <testcase name="f5" time="23.946" classname="timeEntryPackage.EndToEndFinal"/>
  <testcase name="f6" time="7.466" classname="timeEntryPackage.EndToEndFinal"/>
  <testcase name="f7" time="0.41" classname="timeEntryPackage.EndToEndFinal"/>
  <testcase name="f8" time="5.049" classname="timeEntryPackage.EndToEndFinal"/>
  <testcase name="f9" time="6.175" classname="timeEntryPackage.EndToEndFinal"/>
  <testcase name="F10" time="18.821" classname="timeEntryPackage.EndToEndFinal"/>
</testsuite> <!-- Test -->
