<?xml version="1.0" encoding="UTF-8"?>
<testng-results skipped="0" failed="0" ignored="0" total="10" passed="10">
  <reporter-output>
  </reporter-output>
  <suite name="Suite" duration-ms="136585" started-at="2017-10-17T09:27:57Z" finished-at="2017-10-17T09:30:14Z">
    <groups>
    </groups>
    <test name="Test" duration-ms="136585" started-at="2017-10-17T09:27:57Z" finished-at="2017-10-17T09:30:14Z">
      <class name="timeEntryPackage.EndToEndFinal">
        <test-method status="PASS" signature="beforeTest()[pri:0, instance:timeEntryPackage.EndToEndFinal@1936f0f5]" name="beforeTest" is-config="true" duration-ms="8271" started-at="2017-10-17T14:57:57Z" finished-at="2017-10-17T14:58:06Z">
          <reporter-output>
          </reporter-output>
        </test-method> <!-- beforeTest -->
        <test-method status="PASS" signature="f1()[pri:1, instance:timeEntryPackage.EndToEndFinal@1936f0f5]" name="f1" duration-ms="17335" started-at="2017-10-17T14:58:06Z" finished-at="2017-10-17T14:58:23Z">
          <reporter-output>
          </reporter-output>
        </test-method> <!-- f1 -->
        <test-method status="PASS" signature="f2()[pri:2, instance:timeEntryPackage.EndToEndFinal@1936f0f5]" name="f2" duration-ms="13228" started-at="2017-10-17T14:58:23Z" finished-at="2017-10-17T14:58:36Z">
          <reporter-output>
          </reporter-output>
        </test-method> <!-- f2 -->
        <test-method status="PASS" signature="f3()[pri:3, instance:timeEntryPackage.EndToEndFinal@1936f0f5]" name="f3" duration-ms="10919" started-at="2017-10-17T14:58:36Z" finished-at="2017-10-17T14:58:47Z">
          <reporter-output>
          </reporter-output>
        </test-method> <!-- f3 -->
        <test-method status="PASS" signature="f4()[pri:4, instance:timeEntryPackage.EndToEndFinal@1936f0f5]" name="f4" duration-ms="24815" started-at="2017-10-17T14:58:47Z" finished-at="2017-10-17T14:59:12Z">
          <reporter-output>
          </reporter-output>
        </test-method> <!-- f4 -->
        <test-method status="PASS" signature="f5()[pri:5, instance:timeEntryPackage.EndToEndFinal@1936f0f5]" name="f5" duration-ms="23946" started-at="2017-10-17T14:59:12Z" finished-at="2017-10-17T14:59:36Z">
          <reporter-output>
          </reporter-output>
        </test-method> <!-- f5 -->
        <test-method status="PASS" signature="f6()[pri:6, instance:timeEntryPackage.EndToEndFinal@1936f0f5]" name="f6" duration-ms="7466" started-at="2017-10-17T14:59:36Z" finished-at="2017-10-17T14:59:43Z">
          <reporter-output>
          </reporter-output>
        </test-method> <!-- f6 -->
        <test-method status="PASS" signature="f7()[pri:7, instance:timeEntryPackage.EndToEndFinal@1936f0f5]" name="f7" duration-ms="410" started-at="2017-10-17T14:59:43Z" finished-at="2017-10-17T14:59:44Z">
          <reporter-output>
          </reporter-output>
        </test-method> <!-- f7 -->
        <test-method status="PASS" signature="f8()[pri:8, instance:timeEntryPackage.EndToEndFinal@1936f0f5]" name="f8" duration-ms="5049" started-at="2017-10-17T14:59:44Z" finished-at="2017-10-17T14:59:49Z">
          <reporter-output>
          </reporter-output>
        </test-method> <!-- f8 -->
        <test-method status="PASS" signature="f9()[pri:9, instance:timeEntryPackage.EndToEndFinal@1936f0f5]" name="f9" duration-ms="6175" started-at="2017-10-17T14:59:49Z" finished-at="2017-10-17T14:59:55Z">
          <reporter-output>
          </reporter-output>
        </test-method> <!-- f9 -->
        <test-method status="PASS" signature="F10()[pri:10, instance:timeEntryPackage.EndToEndFinal@1936f0f5]" name="F10" duration-ms="18821" started-at="2017-10-17T14:59:55Z" finished-at="2017-10-17T15:00:14Z">
          <reporter-output>
          </reporter-output>
        </test-method> <!-- F10 -->
        <test-method status="PASS" signature="afterTest()[pri:0, instance:timeEntryPackage.EndToEndFinal@1936f0f5]" name="afterTest" is-config="true" duration-ms="73" started-at="2017-10-17T15:00:14Z" finished-at="2017-10-17T15:00:14Z">
          <reporter-output>
          </reporter-output>
        </test-method> <!-- afterTest -->
      </class> <!-- timeEntryPackage.EndToEndFinal -->
    </test> <!-- Test -->
  </suite> <!-- Suite -->
</testng-results>
